Performing C++ SOURCE FILE Test CHARCONV_RESULT failed with the following output:
Change Dir: /home/tonix/Documents/ATHENAS/C_CPP_Proyects/Math/build/CMakeFiles/CMakeTmp

Run Build Command(s):/usr/bin/make cmTC_4be80/fast && /usr/bin/make  -f CMakeFiles/cmTC_4be80.dir/build.make CMakeFiles/cmTC_4be80.dir/build
make[1]: Entering directory '/home/tonix/Documents/ATHENAS/C_CPP_Proyects/Math/build/CMakeFiles/CMakeTmp'
Building CXX object CMakeFiles/cmTC_4be80.dir/src.cxx.o
/usr/bin/c++   -DCHARCONV_RESULT -std=c++1z -o CMakeFiles/cmTC_4be80.dir/src.cxx.o -c /home/tonix/Documents/ATHENAS/C_CPP_Proyects/Math/build/CMakeFiles/CMakeTmp/src.cxx
/home/tonix/Documents/ATHENAS/C_CPP_Proyects/Math/build/CMakeFiles/CMakeTmp/src.cxx:4:36: fatal error: charconv: No such file or directory
                           #include <charconv>
                                    ^~~~~~~~~~
compilation terminated.
CMakeFiles/cmTC_4be80.dir/build.make:84: recipe for target 'CMakeFiles/cmTC_4be80.dir/src.cxx.o' failed
make[1]: *** [CMakeFiles/cmTC_4be80.dir/src.cxx.o] Error 1
make[1]: Leaving directory '/home/tonix/Documents/ATHENAS/C_CPP_Proyects/Math/build/CMakeFiles/CMakeTmp'
Makefile:140: recipe for target 'cmTC_4be80/fast' failed
make: *** [cmTC_4be80/fast] Error 2


Source file was:

                          #include <array>
                          #include <string>
                          #include <charconv>
                          
                          int main() {
                                  std::array<char, 7> str {};
                                  auto p = std::to_chars(str.data(), str.data() + str.size(), 12345).ptr;
                                  auto strResult = std::string(str.data(), p - str.data());
                                  
                                  unsigned long value = 0;
                                  std::from_chars(strResult.data(), strResult.data() + strResult.size(), value);

                                  return 0;
                          }
Performing C++ SOURCE FILE Test HAVE_CXX_FLAG_WSHORTEN_64_TO_32 failed with the following output:
Change Dir: /home/tonix/Documents/ATHENAS/C_CPP_Proyects/Math/build/CMakeFiles/CMakeTmp

Run Build Command(s):/usr/bin/make cmTC_5ebb6/fast && /usr/bin/make  -f CMakeFiles/cmTC_5ebb6.dir/build.make CMakeFiles/cmTC_5ebb6.dir/build
make[1]: Entering directory '/home/tonix/Documents/ATHENAS/C_CPP_Proyects/Math/build/CMakeFiles/CMakeTmp'
Building CXX object CMakeFiles/cmTC_5ebb6.dir/src.cxx.o
/usr/bin/c++   -std=c++11  -Wall  -Wextra  -Wshadow -DHAVE_CXX_FLAG_WSHORTEN_64_TO_32  -Wshorten-64-to-32   -Wshorten-64-to-32 -std=c++1z -o CMakeFiles/cmTC_5ebb6.dir/src.cxx.o -c /home/tonix/Documents/ATHENAS/C_CPP_Proyects/Math/build/CMakeFiles/CMakeTmp/src.cxx
c++: error: unrecognized command line option '-Wshorten-64-to-32'
c++: error: unrecognized command line option '-Wshorten-64-to-32'
CMakeFiles/cmTC_5ebb6.dir/build.make:84: recipe for target 'CMakeFiles/cmTC_5ebb6.dir/src.cxx.o' failed
make[1]: *** [CMakeFiles/cmTC_5ebb6.dir/src.cxx.o] Error 1
make[1]: Leaving directory '/home/tonix/Documents/ATHENAS/C_CPP_Proyects/Math/build/CMakeFiles/CMakeTmp'
Makefile:140: recipe for target 'cmTC_5ebb6/fast' failed
make: *** [cmTC_5ebb6/fast] Error 2


Source file was:
int main() { return 0; }
Performing C++ SOURCE FILE Test HAVE_CXX_FLAG_WD654 failed with the following output:
Change Dir: /home/tonix/Documents/ATHENAS/C_CPP_Proyects/Math/build/CMakeFiles/CMakeTmp

Run Build Command(s):/usr/bin/make cmTC_dff96/fast && /usr/bin/make  -f CMakeFiles/cmTC_dff96.dir/build.make CMakeFiles/cmTC_dff96.dir/build
make[1]: Entering directory '/home/tonix/Documents/ATHENAS/C_CPP_Proyects/Math/build/CMakeFiles/CMakeTmp'
Building CXX object CMakeFiles/cmTC_dff96.dir/src.cxx.o
/usr/bin/c++   -std=c++11  -Wall  -Wextra  -Wshadow  -fstrict-aliasing  -Wno-deprecated-declarations  -Wstrict-aliasing -DHAVE_CXX_FLAG_WD654  -wd654   -wd654 -std=c++1z -o CMakeFiles/cmTC_dff96.dir/src.cxx.o -c /home/tonix/Documents/ATHENAS/C_CPP_Proyects/Math/build/CMakeFiles/CMakeTmp/src.cxx
c++: error: unrecognized command line option '-wd654'
c++: error: unrecognized command line option '-wd654'
CMakeFiles/cmTC_dff96.dir/build.make:84: recipe for target 'CMakeFiles/cmTC_dff96.dir/src.cxx.o' failed
make[1]: *** [CMakeFiles/cmTC_dff96.dir/src.cxx.o] Error 1
make[1]: Leaving directory '/home/tonix/Documents/ATHENAS/C_CPP_Proyects/Math/build/CMakeFiles/CMakeTmp'
Makefile:140: recipe for target 'cmTC_dff96/fast' failed
make: *** [cmTC_dff96/fast] Error 2


Source file was:
int main() { return 0; }
Performing C++ SOURCE FILE Test HAVE_CXX_FLAG_WTHREAD_SAFETY failed with the following output:
Change Dir: /home/tonix/Documents/ATHENAS/C_CPP_Proyects/Math/build/CMakeFiles/CMakeTmp

Run Build Command(s):/usr/bin/make cmTC_288de/fast && /usr/bin/make  -f CMakeFiles/cmTC_288de.dir/build.make CMakeFiles/cmTC_288de.dir/build
make[1]: Entering directory '/home/tonix/Documents/ATHENAS/C_CPP_Proyects/Math/build/CMakeFiles/CMakeTmp'
Building CXX object CMakeFiles/cmTC_288de.dir/src.cxx.o
/usr/bin/c++   -std=c++11  -Wall  -Wextra  -Wshadow  -fstrict-aliasing  -Wno-deprecated-declarations  -Wstrict-aliasing -DHAVE_CXX_FLAG_WTHREAD_SAFETY  -Wthread-safety   -Wthread-safety -std=c++1z -o CMakeFiles/cmTC_288de.dir/src.cxx.o -c /home/tonix/Documents/ATHENAS/C_CPP_Proyects/Math/build/CMakeFiles/CMakeTmp/src.cxx
c++: error: unrecognized command line option '-Wthread-safety'; did you mean '-fthread-jumps'?
c++: error: unrecognized command line option '-Wthread-safety'; did you mean '-fthread-jumps'?
CMakeFiles/cmTC_288de.dir/build.make:84: recipe for target 'CMakeFiles/cmTC_288de.dir/src.cxx.o' failed
make[1]: *** [CMakeFiles/cmTC_288de.dir/src.cxx.o] Error 1
make[1]: Leaving directory '/home/tonix/Documents/ATHENAS/C_CPP_Proyects/Math/build/CMakeFiles/CMakeTmp'
Makefile:140: recipe for target 'cmTC_288de/fast' failed
make: *** [cmTC_288de/fast] Error 2


Source file was:
int main() { return 0; }
Performing C SOURCE FILE Test CMAKE_HAVE_LIBC_PTHREAD failed with the following output:
Change Dir: /home/tonix/Documents/ATHENAS/C_CPP_Proyects/Math/build/CMakeFiles/CMakeTmp

Run Build Command(s):/usr/bin/make cmTC_15ce8/fast && /usr/bin/make  -f CMakeFiles/cmTC_15ce8.dir/build.make CMakeFiles/cmTC_15ce8.dir/build
make[1]: Entering directory '/home/tonix/Documents/ATHENAS/C_CPP_Proyects/Math/build/CMakeFiles/CMakeTmp'
Building C object CMakeFiles/cmTC_15ce8.dir/src.c.o
/usr/bin/cc   -DCMAKE_HAVE_LIBC_PTHREAD -o CMakeFiles/cmTC_15ce8.dir/src.c.o -c /home/tonix/Documents/ATHENAS/C_CPP_Proyects/Math/build/CMakeFiles/CMakeTmp/src.c
Linking C executable cmTC_15ce8
/usr/local/bin/cmake -E cmake_link_script CMakeFiles/cmTC_15ce8.dir/link.txt --verbose=1
/usr/bin/cc  -DCMAKE_HAVE_LIBC_PTHREAD CMakeFiles/cmTC_15ce8.dir/src.c.o -o cmTC_15ce8 
CMakeFiles/cmTC_15ce8.dir/src.c.o: In function `main':
src.c:(.text+0x3e): undefined reference to `pthread_create'
src.c:(.text+0x4a): undefined reference to `pthread_detach'
src.c:(.text+0x56): undefined reference to `pthread_cancel'
src.c:(.text+0x67): undefined reference to `pthread_join'
src.c:(.text+0x7b): undefined reference to `pthread_atfork'
collect2: error: ld returned 1 exit status
CMakeFiles/cmTC_15ce8.dir/build.make:105: recipe for target 'cmTC_15ce8' failed
make[1]: *** [cmTC_15ce8] Error 1
make[1]: Leaving directory '/home/tonix/Documents/ATHENAS/C_CPP_Proyects/Math/build/CMakeFiles/CMakeTmp'
Makefile:140: recipe for target 'cmTC_15ce8/fast' failed
make: *** [cmTC_15ce8/fast] Error 2


Source file was:
#include <pthread.h>

void* test_func(void* data)
{
  return data;
}

int main(void)
{
  pthread_t thread;
  pthread_create(&thread, NULL, test_func, NULL);
  pthread_detach(thread);
  pthread_cancel(thread);
  pthread_join(thread, NULL);
  pthread_atfork(NULL, NULL, NULL);
  pthread_exit(NULL);

  return 0;
}

